UG to STEP
! INFO-     NX STEP AP214 - V2212.3001
! INFO-      
! INFO-     Start of Translation: 9-DEC-2023  3:12:31 PM
! INFO-      
! STATUS-   Converting Part: C:\Users\user\AppData\Local\Temp\The 100 v1.1_step_objects.prt
! SUMMARY-   
! SUMMARY-  Summary of Unigraphics Part Entities
! SUMMARY-  For Part: C:\Users\user\AppData\Local\Temp\The 100 v1.1_step_objects.prt 
! SUMMARY-  Entities Processed             Count
! SUMMARY-  ------------------             -----
! SUMMARY-  Part Attribute ..............:     1
! SUMMARY-  Font ........................:     1
! SUMMARY-  Color Table .................:     2
! SUMMARY-  Coordinate System ...........:     1
! SUMMARY-  Parameter ...................:     1
! SUMMARY-  Matrix ......................:     1
! SUMMARY-  Solid .......................:
! SUMMARY-     Body .....................:     8
! SUMMARY-                                 -----
! SUMMARY-  Total                             15
! STATUS-    
! STATUS-   Converting to Output Form (Phase 2 of 3): 9-DEC-2023 3:12:31 PM
! STATUS-    
! STATUS-    
! STATUS-   Generating UG geometry and placing them in parts
! STATUS-    
! SUMMARY-   
! SUMMARY-    STEP Header Information
! SUMMARY-   
! SUMMARY-  Description      Unknown
! SUMMARY-  Imp_Level        1
! SUMMARY-  File_Name        ToggleClamp.stp
! SUMMARY-  Date             2023-12-09T15:12:31+09:00
! SUMMARY-  Author           Unknown
! SUMMARY-  Organization     Unknown
! SUMMARY-  Pre_Version      ST-DEVELOPER v19.3
! SUMMARY-  Orig_System      SIEMENS PLM Software NX2212.3001
! SUMMARY-  Authorization    Unknown
! SUMMARY-  Schema_ID        step_merged_ap_schema
! SUMMARY-   
! SUMMARY-    Summary of STEP Entities
! SUMMARY-   
! SUMMARY-  Entity Type                                                   Count
! SUMMARY-  -----------                                                   ------
! SUMMARY-  advanced_face ..............................................:    302
! SUMMARY-  application_context ........................................:      1
! SUMMARY-  axis2_placement_3d .........................................:    573
! SUMMARY-  b_spline_curve_with_knots ..................................:     12
! SUMMARY-  b_spline_surface_with_knots_and_rational_b_spline_surface ..:     12
! SUMMARY-  cartesian_point ............................................:   1725
! SUMMARY-  circle .....................................................:    232
! SUMMARY-  closed_shell ...............................................:      8
! SUMMARY-  conical_surface ............................................:      8
! SUMMARY-  conversion_based_unit_and_plane_angle_unit .................:      1
! SUMMARY-  cylindrical_surface ........................................:    124
! SUMMARY-  dimensional_exponents ......................................:      1
! SUMMARY-  direction ..................................................:   1566
! SUMMARY-  edge_curve .................................................:    714
! SUMMARY-  edge_loop ..................................................:    334
! SUMMARY-  ellipse ....................................................:     50
! SUMMARY-  face_bound .................................................:     64
! SUMMARY-  face_outer_bound ...........................................:    270
! SUMMARY-  geometric_representation_context_and_global_uncertainty_a ..:      1
! SUMMARY-  length_unit_and_si_unit ....................................:      1
! SUMMARY-  line .......................................................:    420
! SUMMARY-  manifold_solid_brep ........................................:      8
! SUMMARY-  oriented_edge ..............................................:   1428
! SUMMARY-  plane ......................................................:    124
! SUMMARY-  plane_angle_measure_with_unit ..............................:      1
! SUMMARY-  plane_angle_unit_and_si_unit ...............................:      1
! SUMMARY-  product ....................................................:      1
! SUMMARY-  product_context ............................................:      1
! SUMMARY-  product_definition .........................................:      1
! SUMMARY-  product_definition_context .................................:      1
! SUMMARY-  product_definition_formation_with_specified_source .........:      1
! SUMMARY-  product_definition_shape ...................................:      1
! SUMMARY-  product_related_product_category ...........................:      1
! SUMMARY-  si_unit_and_solid_angle_unit ...............................:      1
! SUMMARY-  spherical_surface ..........................................:     32
! SUMMARY-  toroidal_surface ...........................................:      2
! SUMMARY-  uncertainty_measure_with_unit ..............................:      1
! SUMMARY-  vector .....................................................:    420
! SUMMARY-  vertex_point ...............................................:    436
! SUMMARY-                                                               -------
! SUMMARY-  Total                                                           8880
! INFO-     Bspline aprx. value in effect for this translation :0.025400 millimeter
! INFO-      
! INFO-     Total number of solids input for this translation  :       8
! INFO-      
! INFO-     Number of solids processed without problems        :       8
! INFO-      
! INFO-     Number of solids with problems output as sheets    :       0
! INFO-      
! INFO-     Number of solids not processed                     :       0
! INFO-      
! INFO-     End of Translation: 9-DEC-2023  3:12:32 PM
! INFO-      
