UG to STEP
! INFO-     NX STEP AP242 - V2212.3001
! INFO-      
! INFO-     Start of Translation: 13-FEB-2025  4:41:52 PM
! INFO-      
! STATUS-   Converting Part: C:\Users\user\AppData\Local\Temp\Belted_Z-Belt_Tensioner_Assembly_Space_Race_objects.prt
! STATUS-    
! STATUS-   Converting to Output Form (Phase 2 of 3): 13-FEB-2025 4:41:52 PM
! STATUS-    
! INFO-     Bspline aprx. value in effect for this translation :0.000025  meters 
! INFO-      
! INFO-           Summary of STEP Entities 
! INFO-      
! INFO-     Entity Type                                                   Count 
! INFO-     -----------                                                   ------ 
! INFO-     advanced_brep_shape_representation .......................:   1 
! INFO-     advanced_face ............................................:   837 
! INFO-     application_context ......................................:   1 
! INFO-     application_protocol_definition ..........................:   1 
! INFO-     axis2_placement_3d .......................................:   1753 
! INFO-     b_spline_curve_with_knots ................................:   106 
! INFO-     b_spline_curve_with_knots_and_rational_b_spline_curve ....:   8 
! INFO-     b_spline_surface_with_knots ..............................:   12 
! INFO-     b_spline_surface_with_knots_and_rational_b_spline_surface :   20 
! INFO-     camera_model_d3 ..........................................:   8 
! INFO-     cartesian_point ..........................................:   6027 
! INFO-     circle ...................................................:   927 
! INFO-     closed_shell .............................................:   8 
! INFO-     colour_rgb ...............................................:   4 
! INFO-     conical_surface ..........................................:   109 
! INFO-     cylindrical_surface ......................................:   334 
! INFO-     default_model_geometric_view .............................:   1 
! INFO-     degenerate_toroidal_surface ..............................:   24 
! INFO-     direction ................................................:   4521 
! INFO-     draughting_model .........................................:   9 
! INFO-     draughting_pre_defined_colour ............................:   1 
! INFO-     edge_curve ...............................................:   2060 
! INFO-     edge_loop ................................................:   891 
! INFO-     ellipse ..................................................:   4 
! INFO-     face_bound ...............................................:   891 
! INFO-     fill_area_style ..........................................:   8 
! INFO-     fill_area_style_colour ...................................:   8 
! INFO-     geometric_representation_context_and_global_uncertainty_a :   1 
! INFO-     length_unit_and_si_unit ..................................:   1 
! INFO-     line .....................................................:   1015 
! INFO-     manifold_solid_brep ......................................:   8 
! INFO-     mapped_item ..............................................:   9 
! INFO-     mechanical_design_and_draughting_relationship ............:   8 
! INFO-     mechanical_design_geometric_presentation_representation ..:   1 
! INFO-     oriented_edge ............................................:   4120 
! INFO-     planar_box ...............................................:   8 
! INFO-     plane ....................................................:   256 
! INFO-     plane_angle_unit_and_si_unit .............................:   1 
! INFO-     presentation_style_assignment ............................:   8 
! INFO-     product ..................................................:   1 
! INFO-     product_category .........................................:   1 
! INFO-     product_context ..........................................:   1 
! INFO-     product_definition .......................................:   1 
! INFO-     product_definition_context ...............................:   1 
! INFO-     product_definition_formation_with_specified_source .......:   1 
! INFO-     product_definition_shape .................................:   1 
! INFO-     product_related_product_category .........................:   1 
! INFO-     representation_map .......................................:   9 
! INFO-     shape_definition_representation ..........................:   1 
! INFO-     shape_representation .....................................:   1 
! INFO-     shape_representation_relationship ........................:   1 
! INFO-     si_unit_and_solid_angle_unit .............................:   1 
! INFO-     spherical_surface ........................................:   6 
! INFO-     styled_item ..............................................:   8 
! INFO-     surface_side_style .......................................:   8 
! INFO-     surface_style_fill_area ..................................:   8 
! INFO-     surface_style_usage ......................................:   8 
! INFO-     toroidal_surface .........................................:   76 
! INFO-     uncertainty_measure_with_unit ............................:   1 
! INFO-     vector ...................................................:   1015 
! INFO-     vertex_point .............................................:   1267 
! INFO-     view_volume ..............................................:   8 
! INFO-                                                                  ------- 
! INFO-     Total                                                         26436 
! INFO-      
! INFO-     End of Translation: 13-FEB-2025  4:41:53 PM
! INFO-      
