UG to STEP
! INFO-     NX STEP AP242 - V2212.3001
! INFO-      
! INFO-     Start of Translation: 13-FEB-2025  4:42:29 PM
! INFO-      
! STATUS-   Converting Part: \\DESKTOP-VGIUQ8M\Users\v6\내 드라이브(nerpopins@gmail.com)\1_DIY\3D프린터\_Custom_mod\Annex\K1\240418_K1\QuadRap_Gantry_Assembly_K1.prt
! STATUS-    
! STATUS-   Converting to Output Form (Phase 2 of 3): 13-FEB-2025 4:42:29 PM
! STATUS-    
! INFO-     Bspline aprx. value in effect for this translation :0.000025  meters 
! INFO-      
! INFO-           Summary of STEP Entities 
! INFO-      
! INFO-     Entity Type                                                   Count 
! INFO-     -----------                                                   ------ 
! INFO-     advanced_brep_shape_representation .......................:   74 
! INFO-     advanced_face ............................................:   22113 
! INFO-     application_context ......................................:   1 
! INFO-     application_protocol_definition ..........................:   1 
! INFO-     axis2_placement_3d .......................................:   35864 
! INFO-     brep_with_voids ..........................................:   5 
! INFO-     b_spline_curve_with_knots ................................:   20882 
! INFO-     b_spline_curve_with_knots_and_rational_b_spline_curve ....:   1477 
! INFO-     b_spline_surface_with_knots ..............................:   533 
! INFO-     b_spline_surface_with_knots_and_rational_b_spline_surface :   766 
! INFO-     camera_model_d3 ..........................................:   808 
! INFO-     cartesian_point ..........................................:   267862 
! INFO-     circle ...................................................:   12947 
! INFO-     closed_shell .............................................:   224 
! INFO-     colour_rgb ...............................................:   27 
! INFO-     conical_surface ..........................................:   4552 
! INFO-     context_dependent_shape_representation ...................:   420 
! INFO-     curve_style ..............................................:   10 
! INFO-     cylindrical_surface ......................................:   8170 
! INFO-     default_model_geometric_view .............................:   101 
! INFO-     degenerate_toroidal_surface ..............................:   29 
! INFO-     direction ................................................:   92618 
! INFO-     draughting_model .........................................:   809 
! INFO-     draughting_pre_defined_colour ............................:   5 
! INFO-     draughting_pre_defined_curve_font ........................:   10 
! INFO-     edge_curve ...............................................:   56252 
! INFO-     edge_loop ................................................:   23734 
! INFO-     ellipse ..................................................:   66 
! INFO-     face_bound ...............................................:   23736 
! INFO-     fill_area_style ..........................................:   6836 
! INFO-     fill_area_style_colour ...................................:   6836 
! INFO-     geometrically_bounded_wireframe_shape_representation .....:   3 
! INFO-     geometric_curve_set ......................................:   7 
! INFO-     geometric_representation_context_and_global_uncertainty_a :   101 
! INFO-     item_defined_transformation ..............................:   420 
! INFO-     length_unit_and_si_unit ..................................:   1 
! INFO-     line .....................................................:   20890 
! INFO-     manifold_solid_brep ......................................:   203 
! INFO-     mapped_item ..............................................:   809 
! INFO-     mechanical_design_and_draughting_relationship ............:   808 
! INFO-     mechanical_design_geometric_presentation_representation ..:   1 
! INFO-     next_assembly_usage_occurrence ...........................:   420 
! INFO-     oriented_closed_shell ....................................:   16 
! INFO-     oriented_edge ............................................:   112504 
! INFO-     planar_box ...............................................:   808 
! INFO-     plane ....................................................:   7048 
! INFO-     plane_angle_unit_and_si_unit .............................:   1 
! INFO-     presentation_style_assignment ............................:   6846 
! INFO-     product ..................................................:   101 
! INFO-     product_category .........................................:   101 
! INFO-     product_context ..........................................:   101 
! INFO-     product_definition .......................................:   101 
! INFO-     product_definition_context ...............................:   101 
! INFO-     product_definition_formation_with_specified_source .......:   101 
! INFO-     product_definition_shape .................................:   521 
! INFO-     product_related_product_category .........................:   101 
! INFO-     representation_map .......................................:   809 
! INFO-     representation_relationship_with_transformation_and_shape :   420 
! INFO-     shape_definition_representation ..........................:   101 
! INFO-     shape_representation .....................................:   101 
! INFO-     shape_representation_relationship ........................:   77 
! INFO-     si_unit_and_solid_angle_unit .............................:   1 
! INFO-     spherical_surface ........................................:   142 
! INFO-     styled_item ..............................................:   6846 
! INFO-     surface_side_style .......................................:   6836 
! INFO-     surface_style_fill_area ..................................:   6836 
! INFO-     surface_style_usage ......................................:   6836 
! INFO-     toroidal_surface .........................................:   873 
! INFO-     trimmed_curve ............................................:   10 
! INFO-     uncertainty_measure_with_unit ............................:   101 
! INFO-     vector ...................................................:   20890 
! INFO-     vertex_loop ..............................................:   2 
! INFO-     vertex_point .............................................:   35022 
! INFO-     view_volume ..............................................:   808 
! INFO-                                                                  ------- 
! INFO-     Total                                                         826593 
! INFO-      
! INFO-     End of Translation: 13-FEB-2025  4:42:56 PM
! INFO-      
